         w __deregister_frame_info
         w __register_frame_info
         w _ITM_deregisterTMCloneTable
         w _ITM_registerTMCloneTable
         w _Jv_RegisterClasses
00000000 b .LANCHOR1
00000000 b _TLS_MODULE_BASE_
00000000 a shift
00000000 a shift
00000000 00002000 b tmp_buffer.6669
00001ff8 b .LANCHOR2
00002000 00000401 b __fixedpath
00002404 00000802 b __utf16path
00002c08 00000802 b __utf16path_old.6740
00100000 T __start__
00100000 T _start
00100008 T __service_ptr
0010000c T __apt_appid
00100010 T __heap_size
00100014 T __linear_heap_size
00100018 T __system_arglist
0010001c T __system_runflags
00100020 t startup
00100058 t ClearMem
0010006c t ClrLoop
00100094 T _init
001000ac t deregister_tm_clones
001000dc t register_tm_clones
00100114 t __do_global_dtors_aux
00100158 t frame_dummy
001001b4 00000030 T FT_Add_Default_Modules
001001e4 0000006c T FT_Init_FreeType
00100250 0000002c T FT_Done_FreeType
0010027c 00000078 t destroy_size
001002f4 00000034 t memory_stream_close
00100328 00000024 t ft_raccess_sort_ref_by_id
0010034c 000000e4 t ft_trig_pseudo_polarize
00100430 00000054 t FT_Stream_Skip.part.14
00100484 00000088 t FT_Outline_Done_Internal.part.22
0010050c 000001d4 t FT_MulDiv.constprop.36
001006e0 000000ec t FT_Stream_New.part.18
001007cc 0000021c t _ft_face_scale_advances.isra.4.part.5
001009e8 000000f0 t raccess_guess_vfat
00100ad8 000000ec t raccess_guess_linux_cap
00100bc4 00000334 t open_face
00100ef8 00000014 T FT_RoundFix
00100f0c 00000014 T FT_CeilFix
00100f20 0000000c T FT_FloorFix
00100f2c 0000011c T FT_Hypot
00101048 00000144 T FT_MulDiv
0010118c 00000124 T FT_MulDiv_No_Round
001012b0 00000020 T FT_MulFix
001012d0 00000364 T FT_DivFix
00101634 00000130 T FT_Matrix_Multiply
00101764 000000c4 T FT_Matrix_Invert
00101828 0000010c T FT_Matrix_Multiply_Scaled
00101934 00000080 T FT_Vector_Transform_Scaled
001019b4 000001ac T FT_Vector_NormLen
00101b60 00000118 T ft_corner_orientation
00101c78 00000090 T ft_corner_is_flat
00101d08 00000044 T FT_GlyphLoader_New
00101d4c 00000038 T FT_GlyphLoader_Rewind
00101d84 000000ec T FT_GlyphLoader_Reset
00101e70 000000ec t ft_glyphslot_done
00101f5c 000002b8 t destroy_face
00102214 00000238 t FT_Remove_Module.part.31
0010244c 00000104 T FT_GlyphLoader_Done
00102550 0000007c T FT_GlyphLoader_Prepare
001025cc 00000230 T FT_GlyphLoader_Add
001027fc 00000060 T ft_service_list_lookup
0010285c 00000018 T ft_validator_init
00102874 00000008 T ft_validator_run
0010287c 00000014 T ft_validator_error
00102890 0000002c T FT_Stream_New
001028bc 00000044 T FT_Stream_Free
00102900 00000064 T ft_glyphslot_free_bitmap
00102964 00000060 T ft_glyphslot_set_bitmap
001029c4 000000b0 T ft_glyphslot_alloc_bitmap
00102a74 0000018c T FT_New_GlyphSlot
00102c00 00000094 T FT_Done_GlyphSlot
00102c94 000000b0 T FT_Set_Transform
00102d44 00000108 T FT_Attach_File
00102e4c 000000f4 T FT_Attach_Stream
00102f40 00000020 T FT_Reference_Face
00102f60 000000c4 T FT_Done_Face
00103024 00000158 T FT_New_Size
0010317c 0000013c T FT_Done_Size
001032b8 00000130 T FT_Match_Size
001033e8 00000070 T ft_synthesize_vertical_metrics
00103458 00000144 T FT_Select_Metrics
0010359c 000003a8 T FT_Request_Metrics
00103944 00000194 t FT_Request_Size.part.8
00103ad8 0000006c T FT_Select_Size
00103b44 0000003c T FT_Request_Size
00103b80 0000008c T FT_Set_Char_Size
00103c0c 00000094 T FT_Set_Pixel_Sizes
00103ca0 00000124 T FT_Get_Kerning
00103dc4 00000084 T FT_Get_Track_Kerning
00103e48 00000110 T FT_Select_Charmap
00103f58 000000e0 T FT_Set_Charmap
00104038 0000006c T FT_Get_Charmap_Index
001040a4 00000048 T FT_Get_Char_Index
001040ec 000000c4 T FT_Get_First_Char
001041b0 00000094 T FT_Get_Next_Char
00104244 00000110 T FT_Face_GetCharVariantIndex
00104354 000000e8 T FT_Face_GetCharVariantIsDefault
0010443c 000000e0 T FT_Face_GetVariantSelectors
0010451c 000000e8 T FT_Face_GetVariantsOfChar
00104604 000000e8 T FT_Face_GetCharsOfVariant
001046ec 000000a4 T FT_Get_Name_Index
00104790 000000f0 T FT_Get_Glyph_Name
00104880 00000088 T FT_Get_Postscript_Name
00104908 0000006c T FT_Get_Sfnt_Table
00104974 00000088 T FT_Load_Sfnt_Table
001049fc 0000008c T FT_Sfnt_Table_Info
00104a88 00000080 T FT_Get_CMap_Language_ID
00104b08 0000007c T FT_Get_CMap_Format
00104b84 0000003c T FT_Activate_Size
00104bc0 00000074 T FT_Lookup_Renderer
00104c34 00000050 T FT_Get_Renderer
00104c84 00000100 T FT_Set_Renderer
00104d84 00000124 T FT_Render_Glyph_Internal
00104ea8 00000030 T FT_Render_Glyph
00104ed8 0000006c T FT_Get_Module
00104f44 00000068 T FT_Get_Module_Interface
00104fac 00000084 T ft_module_get_service
00105030 00000024 T FT_Remove_Module
00105054 000000f4 T FT_Property_Set
00105148 000000f4 T FT_Property_Get
0010523c 0000001c T FT_Reference_Library
00105258 0000007c T FT_New_Library
001052d4 00000038 T FT_Library_Version
0010530c 000001c8 T FT_Done_Library
001054d4 0000002c T FT_Set_Debug_Hook
00105500 000000d4 T FT_Get_TrueType_Engine_Type
001055d4 00000094 T FT_Get_SubGlyph_Info
00105668 00000428 T FT_Outline_Decompose
00105a90 00000098 T FT_Outline_Check
00105b28 000000a8 T FT_Outline_Copy
00105bd0 000000a8 T FT_Outline_Done_Internal
00105c78 000000bc T FT_Outline_Done
00105d34 0000009c T FT_Outline_Get_CBox
00105dd0 00000054 T FT_Outline_Translate
00105e24 000000cc T FT_Outline_Reverse
00105ef0 000000d0 T FT_Outline_Render
00105fc0 000000dc T FT_Outline_Get_Bitmap
0010609c 000000a8 T FT_Vector_Transform
00106144 000000e8 T FT_Outline_Transform
0010622c 000006bc t FT_Load_Glyph.part.20
001068e8 00000020 T FT_Load_Glyph
00106908 000001d0 T FT_Get_Advances
00106ad8 00000064 T FT_Load_Char
00106b3c 0000025c T FT_Get_Advance
00106d98 00000148 T FT_Outline_Get_Orientation
00106ee0 000003a0 T FT_Outline_EmboldenXY
00107280 00000008 T FT_Outline_Embolden
00107288 0000010c T FT_Raccess_Guess
00107394 00000024 T FT_Get_Sfnt_Name_Count
001073b8 00000018 T FT_Stream_OpenMemory
001073d0 00000018 T FT_Stream_Close
001073e8 0000004c T FT_Stream_Seek
00107434 00000064 T FT_Stream_Skip
00107498 00000008 T FT_Stream_Pos
001074a0 00000084 T FT_Stream_Read
00107524 0000007c T FT_Stream_ReadAt
001075a0 00000070 T FT_Stream_TryRead
00107610 00000128 T FT_Stream_ExtractFrame
00107738 00000040 T FT_Stream_ReleaseFrame
00107778 0000012c T FT_Stream_EnterFrame
001078a4 00000044 T FT_Stream_ExitFrame
001078e8 00000024 T FT_Stream_GetChar
0010790c 00000030 T FT_Stream_GetUShort
0010793c 00000030 T FT_Stream_GetUShortLE
0010796c 0000003c T FT_Stream_GetUOffset
001079a8 00000044 T FT_Stream_GetULong
001079ec 00000040 T FT_Stream_GetULongLE
00107a2c 00000090 T FT_Stream_ReadChar
00107abc 00000098 T FT_Stream_ReadUShort
00107b54 00000444 T FT_Raccess_Get_HeaderInfo
00107f98 00000098 T FT_Stream_ReadUShortLE
00108030 000000a0 T FT_Stream_ReadUOffset
001080d0 000000ac T FT_Stream_ReadULong
0010817c 000001a8 t raccess_guess_apple_generic.isra.15
00108324 000001b4 t raccess_guess_linux_netatalk
001084d8 0000019c t raccess_guess_darwin_ufs_export
00108674 00000194 t raccess_guess_linux_double
00108808 000001c0 t raccess_guess_apple_double
001089c8 000001c0 t raccess_guess_apple_single
00108b88 000000a8 T FT_Stream_ReadULongLE
00108c30 00000270 T FT_Stream_ReadFields
00108ea0 000000c8 T FT_Cos
00108f68 000000c8 T FT_Sin
00109030 000000d4 T FT_Tan
00109104 00000068 T FT_Atan2
0010916c 000000e0 T FT_Vector_Unit
0010924c 00000238 T FT_Vector_Rotate
00109484 00000140 T FT_Vector_Length
001095c4 00000144 T FT_Vector_Polarize
00109708 00000220 T FT_Vector_From_Polar
00109928 0000003c T FT_Angle_Diff
00109964 00000060 T ft_mem_alloc
001099c4 00000090 t raccess_guess_darwin_hfsplus
00109a54 0000009c t raccess_guess_darwin_newvfs
00109af0 00000310 T FT_Add_Module
00109e00 000000e4 T FT_GlyphLoader_CreateExtra
00109ee4 00000044 T ft_mem_qalloc
00109f28 00000134 T ft_mem_realloc
0010a05c 00000220 T FT_GlyphLoader_CheckPoints
0010a27c 00000160 T FT_GlyphLoader_CopyPoints
0010a3dc 00000088 T FT_GlyphLoader_CheckSubGlyphs
0010a464 00000128 T FT_CMap_Done
0010a58c 00000130 T FT_CMap_New
0010a6bc 00000130 T FT_Outline_New_Internal
0010a7ec 0000044c T FT_Raccess_Get_DataOffsets
0010ac38 000007b0 t IsMacResource
0010b3e8 000008fc T FT_Open_Face
0010bce4 00000040 T FT_New_Face
0010bd24 00000050 T FT_New_Memory_Face
0010bd74 00000164 t open_face_from_buffer
0010bed8 000003cc t open_face_PS_from_sfnt_stream.isra.29
0010c2a4 00000174 T FT_Get_Sfnt_Name
0010c418 0000013c T FT_Outline_New
0010c554 00000108 T ft_mem_qrealloc
0010c65c 00000010 T ft_mem_free
0010c66c 0000006c T ft_mem_dup
0010c6d8 0000008c T ft_mem_strdup
0010c764 00000064 T ft_mem_strcpyn
0010c7c8 00000044 T FT_List_Find
0010c80c 00000034 T FT_List_Add
0010c840 00000034 T FT_List_Insert
0010c874 00000030 T FT_List_Remove
0010c8a4 00000044 T FT_List_Up
0010c8e8 00000054 T FT_List_Iterate
0010c93c 00000090 T FT_List_Finalize
0010c9cc 00000034 t tt_get_kerning
0010ca00 00000118 t tt_face_get_location
0010cb18 00000090 t TT_Load_Glyph_Header
0010cba8 00000020 t tt_size_init
0010cbc8 00000010 t tt_driver_init
0010cbd8 00000004 t tt_driver_done
0010cbdc 00000008 t Current_Ppem
0010cbe4 0000000c t Read_CVT
0010cbf0 0000000c t Write_CVT
0010cbfc 00000014 t Move_CVT
0010cc10 00000024 t Direct_Move_X
0010cc34 00000028 t Direct_Move_Y
0010cc5c 00000014 t Direct_Move_Orig_X
0010cc70 00000018 t Direct_Move_Orig_Y
0010cc88 00000018 t Round_None
0010cca0 000000f0 t SetSuperRound
0010cd90 00000044 t Project
0010cdd4 00000044 t Dual_Project
0010ce18 00000008 t Project_x
0010ce20 00000008 t Project_y
0010ce28 0000017c t Compute_Funcs
0010cfa4 000000a8 t SkipCode
0010d04c 000002d0 t Ins_MIRP
0010d31c 00000128 t Ins_DELTAP
0010d444 000002a8 t TT_Hint_Glyph
0010d6ec 00000048 t TT_Access_Glyph_Frame
0010d734 00000008 t TT_Forget_Glyph_Frame
0010d73c 0000007c t Direct_Move_Orig
0010d7b8 0000009c t Direct_Move
0010d854 0000016c t Compute_Point_Displacement
0010d9c0 000003c4 t Ins_IP
0010dd84 000000c8 t Read_CVT_Stretched
0010de4c 0000048c t TT_Load_Simple_Glyph
0010e2d8 0000000c t tt_slot_init
0010e2e4 00000170 t tt_face_done
0010e454 0000048c t TT_Get_MM_Var
0010e8e0 000002d0 t TT_Load_Composite_Glyph
0010ebb0 00000034 t tt_property_get
0010ebe4 0000004c t tt_property_set
0010ec30 00000140 t tt_get_metrics
0010ed70 00000054 t Ins_Goto_CodeRange.part.4
0010edc4 0000002c t Round_To_Grid
0010edf0 00000038 t Round_To_Half_Grid
0010ee28 00000024 t Round_Down_To_Grid
0010ee4c 0000002c t Round_Up_To_Grid
0010ee78 0000002c t Round_To_Double_Grid
0010eea4 0000006c t Round_Super
0010ef10 00000068 t Round_Super_45
0010ef78 00000064 t Ins_JMPR.isra.18
0010efdc 000000b0 t Move_Zp2_Point
0010f08c 0000028c t Ins_MDRP.isra.49
0010f318 00000180 t _iup_worker_interpolate.part.53
0010f498 000000fc t ft_var_apply_tuple.isra.55
0010f594 000008c4 t TT_Vary_Apply_Glyph_Deltas
0010fe58 000004b4 t tt_face_vary_cvt
0011030c 000000fc t tt_face_load_cvt
00110408 0000052c t TT_Set_MM_Blend
00110934 0000048c t TT_Set_Var_Design
00110dc0 00000d74 t tt_face_init
00111b34 00000074 t tt_get_interface
00111ba8 00000050 t Normalize.part.59
00111bf8 0000014c t tt_get_advances
00111d44 000000f4 t Ins_SxVTL
00111e38 00000104 t Ins_UNKNOWN
00111f3c 00000178 t tt_size_done
001120b4 000002a0 t TT_Load_Context
00112354 000000c8 t Write_CVT_Stretched
0011241c 000000c4 t Current_Ppem_Stretched
001124e0 000000d0 t Move_CVT_Stretched
001125b0 000003f0 t tt_size_run_prep
001129a0 000001d8 t tt_size_select
00112b78 0000040c t tt_size_request
00112f84 00002e80 T TT_RunIns
00115e04 000012d0 t load_truetype_glyph
001170d4 00000124 T TT_New_Context
001171f8 000010b4 t tt_glyph_load
001182ac 000000e4 t T1_Get_Multi_Master
00118390 000000bc t T1_Set_MM_Blend
0011844c 00000028 t parse_buildchar
00118474 00000010 t parse_private
00118484 00000010 t T1_GlyphSlot_Done
00118494 00000008 t T1_Driver_Init
0011849c 00000004 t T1_Driver_Done
001184a0 00000008 t t1_get_ps_name
001184a8 00000024 t t1_ps_get_font_info
001184cc 00000010 t t1_ps_get_font_extra
001184dc 00000008 t t1_ps_has_glyph_names
001184e4 00000020 t t1_ps_get_font_private
00118504 00000030 t compare_kern_pairs
00118534 0000004c t T1_GlyphSlot_Init
00118580 000004f4 t t1_allocate_blend
00118a74 00000118 t parse_weight_vector
00118b8c 00000174 t parse_blend_design_positions
00118d00 000001c4 t parse_blend_design_map
00118ec4 000004d0 t parse_encoding
00119394 0000060c t T1_Load_Glyph
001199a0 0000005c t t1_get_name_index
001199fc 0000012c t parse_blend_axis_types
00119b28 00000768 t t1_ps_get_font_value
0011a290 00000108 t t1_parse_font_matrix
0011a398 0000000c t Get_Interface
0011a3a4 000000cc t T1_Get_Track_Kerning
0011a470 00000024 t t1_get_glyph_name
0011a494 000000b8 t Get_Kerning
0011a54c 0000006c t T1_Size_Done
0011a5b8 00000098 t t1_get_index
0011a650 00000438 t T1_Read_Metrics
0011aa88 00000174 t T1_Done_Blend.isra.4
0011abfc 00000198 t T1_Face_Done
0011ad94 00000084 t T1_Size_Init
0011ae18 000000a0 t T1_Size_Request
0011aeb8 0000060c t T1_Get_MM_Var
0011b4c4 000000e0 t check_type1_format
0011b5a4 00000204 t T1_Set_MM_Design
0011b7a8 00000068 t T1_Set_Var_Design
0011b810 00000264 t T1_Compute_Max_Advance
0011ba74 00000320 t parse_subrs
0011bd94 0000027c t T1_Get_Advances
0011c010 00000180 t T1_Parse_Glyph
0011c190 0000075c t parse_charstrings
0011c8ec 0000064c t parse_dict
0011cf38 00000b48 t T1_Open_Face
0011da80 00000430 t T1_Face_Init
0011deb0 00000034 t cff_get_kerning
0011dee4 00000014 t cff_ps_has_glyph_names
0011def8 00000034 t cff_get_is_cid
0011df2c 00000050 t cff_get_cid_from_glyph_index
0011df7c 00000010 t cff_slot_done
0011df8c 00000060 t cff_driver_init
0011dfec 0000001c t cff_cmap_encoding_init
0011e008 0000000c t cff_cmap_encoding_done
0011e014 00000018 t cff_cmap_encoding_char_index
0011e02c 0000004c t cff_cmap_encoding_char_next
0011e078 00000058 t cff_cmap_unicode_init
0011e0d0 00000014 t cff_cmap_unicode_char_index
0011e0e4 00000014 t cff_cmap_unicode_char_next
0011e0f8 00000004 t cf2_free_instance
0011e0fc 0000013c t cf2_hintmap_map
0011e238 00000308 t cf2_hintmap_insertHint
0011e540 000001fc t cf2_glyphpath_computeOffset
0011e73c 00000050 t cff_slot_init
0011e78c 000003d0 t cff_parse_real
0011eb5c 00000028 t cff_cmap_unicode_done
0011eb84 00000090 t cff_get_cmap_info
0011ec14 00000060 t cff_get_ps_name
0011ec74 000000bc t cff_get_name_index
0011ed30 00000060 t cff_index_get_sid_string
0011ed90 0000008c t cf2_stack_getReal
0011ee1c 000001a8 t cf2_hint_init.isra.47
0011efc4 000001a0 t cff_index_init
0011f164 000001e4 t cf2_computeDarkening.part.60
0011f348 000000b4 t cff_property_get
0011f3fc 0000012c t cff_property_set
0011f528 00000064 t cff_get_interface
0011f58c 00000004 t cff_driver_done
0011f590 00000124 t cff_builder_start_point.part.56
0011f6b4 00000160 t cf2_builder_cubeTo
0011f814 000000e4 t cf2_builder_lineTo
0011f8f8 00000090 t cff_size_done
0011f988 00000b58 t cff_size_init
001204e0 00000138 t cff_size_select
00120618 00000180 t cff_size_request
00120798 000000d4 t cf2_builder_moveTo
0012086c 000000f0 t cff_parse_num
0012095c 0000013c t do_fixed
00120a98 000002b4 t cff_parse_font_matrix
00120d4c 00000074 t cff_sid_to_glyph_name
00120dc0 00000358 t cff_face_done
00121118 00000254 t cff_index_access_element
0012136c 00000118 t cf2_getSeacComponent.isra.52
00121484 00000098 t cff_get_glyph_name
0012151c 0000022c t cf2_glyphpath_hintPoint
00121748 00000514 t cf2_glyphpath_pushPrevElem
00121c5c 00000128 t cff_parse_private_dict
00121d84 000002e0 t cff_parse_cid_ros
00122064 00000e98 t cf2_hintmap_build
00122efc 000002a0 t cff_index_get_name
0012319c 0000012c t cff_get_ros
001232c8 00000440 t cff_parse_font_bbox
00123708 00000324 t cf2_doStems.isra.61.constprop.74
00123a2c 00000288 t cff_ps_get_font_info
00123cb4 00000490 t cf2_glyphpath_lineTo
00124144 00000760 t cf2_doFlex
001248a4 000006dc t cf2_glyphpath_curveTo
00124f80 00001770 t cff_face_init
001266f0 00003d04 t cf2_interpT2CharString
0012a3f4 00000bbc t cf2_decoder_parse_charstrings
0012afb0 00000cc8 t cff_slot_load
0012bc78 00000050 t cff_glyph_load
0012bcc8 00000284 t cff_get_advances
0012bf4c 00000054 t parse_expansion_factor
0012bfa0 00000010 t cid_slot_done
0012bfb0 00000008 t cid_driver_init
0012bfb8 00000004 t cid_driver_done
0012bfbc 0000001c t cid_get_postscript_name
0012bfd8 00000024 t cid_ps_get_font_info
0012bffc 00000014 t cid_ps_get_font_extra
0012c010 0000002c t cid_get_ros
0012c03c 00000014 t cid_get_is_cid
0012c050 00000010 t cid_get_cid_from_glyph_index
0012c060 0000004c t cid_slot_init
0012c0ac 000003c8 t cid_load_glyph
0012c474 000003e4 t cid_slot_load_glyph
0012c858 00000150 t cid_face_done
0012c9a8 00000130 t cid_parse_font_matrix
0012cad8 000000a4 t parse_fd_array
0012cb7c 0000000c t cid_get_interface
0012cb88 0000006c t cid_size_done
0012cbf4 00000c20 t cid_face_open
0012d814 000002a0 t cid_face_init
0012dab4 0000007c t cid_size_request
0012db30 00000090 t cid_size_init
0012dbc0 00000060 t pfr_cmap_init
0012dc20 00000010 t pfr_cmap_done
0012dc30 00000080 t pfr_cmap_char_index
0012dcb0 000000bc t pfr_cmap_char_next
0012dd6c 000002b4 t pfr_face_get_kerning
0012e020 000000c4 t pfr_extra_item_load_stem_snaps
0012e0e4 00000220 t pfr_extra_item_load_bitmap_info
0012e304 00000050 t pfr_slot_done
0012e354 000000fc t pfr_face_done
0012e450 0000003c t pfr_slot_init
0012e48c 00000190 t pfr_extra_item_load_kerning_pairs
0012e61c 00000074 t pfr_extra_item_load_font_id
0012e690 000000f4 t pfr_aux_name_load
0012e784 0000000c t pfr_get_service
0012e790 0000007c t pfr_get_metrics
0012e80c 00000048 t pfr_get_advance
0012e854 00000c48 t pfr_face_init
0012f49c 00000cd0 t pfr_glyph_load_rec
0013016c 00000ab4 t pfr_slot_load
00130c20 000002e8 t pfr_get_kerning
00130f08 00000004 t T42_Driver_Done
00130f0c 00000008 t t42_get_ps_font_name
00130f14 00000024 t t42_ps_get_font_info
00130f38 00000010 t t42_ps_get_font_extra
00130f48 00000008 t t42_ps_has_glyph_names
00130f50 00000020 t t42_ps_get_font_private
00130f70 00000054 t T42_Size_Select
00130fc4 00000054 t T42_Size_Request
00131018 00000008 t T42_GlyphSlot_Done
00131020 0000004c t T42_GlyphSlot_Init
0013106c 00000038 t T42_Size_Done
001310a4 00000038 t T42_Size_Init
001310dc 00000128 t T42_Face_Done
00131204 00000030 t T42_Driver_Init
00131234 00000074 t t42_get_name_index
001312a8 0000046c t t42_parse_sfnts
00131714 000000f8 t t42_parse_font_matrix
0013180c 0000000c t T42_Get_Interface
00131818 00000024 t t42_get_glyph_name
0013183c 0000048c t t42_parse_charstrings
00131cc8 00000458 t t42_parse_encoding
00132120 0000015c t T42_GlyphSlot_Load
0013227c 00000ac0 t T42_Face_Init
00132d3c 0000002c t fnt_cmap_init
00132d68 0000001c t fnt_cmap_char_index
00132d84 0000003c t fnt_cmap_char_next
00132dc0 00000024 t winfnt_get_header
00132de4 00000048 t FNT_Size_Select
00132e2c 00000204 t FNT_Load_Glyph
00133030 0000000c t winfnt_get_service
0013303c 000000c4 t fnt_font_load
00133100 00000078 t FNT_Face_Done
00133178 000000c4 t FNT_Size_Request
0013323c 00000be0 t FNT_Face_Init
00133e1c 00000020 t pcf_cmap_init
00133e3c 00000010 t pcf_cmap_done
00133e4c 00000088 t pcf_cmap_char_index
00133ed4 000000b4 t pcf_cmap_char_next
00133f88 0000001c t pcf_get_charset_id
00133fa4 00000044 t PCF_Size_Select
00133fe8 000000c8 t PCF_Size_Request
001340b0 000002cc t PCF_Glyph_Load
0013437c 00000144 t PCF_Face_Done
001344c0 0000000c t pcf_driver_requester
001344cc 00000070 t pcf_find_property.isra.0
0013453c 00000094 t pcf_get_metric
001345d0 00000098 t pcf_get_bdf_property
00134668 000001fc t pcf_get_accel
00134864 00001564 t pcf_load_font
00135dc8 000001bc t PCF_Face_Init
00135f84 00000024 t by_encoding
00135fa8 00000024 t bdf_cmap_init
00135fcc 00000010 t bdf_cmap_done
00135fdc 0000008c t bdf_cmap_char_index
00136068 000000bc t bdf_cmap_char_next
00136124 0000001c t bdf_get_charset_id
00136140 00000044 t BDF_Size_Select
00136184 00000140 t BDF_Glyph_Load
001362c4 0000000c t bdf_driver_requester
001362d0 000000e0 t _bdf_atos.constprop.8
001363b0 000000b8 t _bdf_atous.constprop.9
00136468 000000dc t _bdf_atol.constprop.10
00136544 000000c0 t _bdf_atoul.constprop.11
00136604 000000cc t BDF_Size_Request
001366d0 00000310 t bdf_free_font
001369e0 00000094 t BDF_Face_Done
00136a74 0000043c t _bdf_list_split
00136eb0 000000b4 t bdf_get_font_property.part.3
00136f64 00000100 t bdf_get_bdf_property
00137064 00000274 t hash_insert
001372d8 00000f04 t _bdf_parse_glyphs
001381dc 00000a6c t _bdf_add_property.isra.5
00138c48 0000065c t _bdf_parse_properties
001392a4 00001560 t BDF_Face_Init
0013a804 00000f14 t _bdf_parse_start
0013b718 0000000c t tt_cmap_init
0013b724 00000018 t tt_cmap0_char_index
0013b73c 0000003c t tt_cmap0_char_next
0013b778 00000024 t tt_cmap0_get_info
0013b79c 000000fc t tt_cmap2_char_index
0013b898 00000024 t tt_cmap2_get_info
0013b8bc 00000038 t tt_cmap4_init
0013b8f4 00000150 t tt_cmap4_set_range
0013ba44 000000e0 t tt_cmap4_next
0013bb24 000005c8 t tt_cmap4_char_map_binary
0013c0ec 00000024 t tt_cmap4_get_info
0013c110 00000044 t tt_cmap6_char_index
0013c154 000000c4 t tt_cmap6_char_next
0013c218 00000024 t tt_cmap6_get_info
0013c23c 000000d8 t tt_cmap8_char_index
0013c314 00000188 t tt_cmap8_char_next
0013c49c 00000038 t tt_cmap8_get_info
0013c4d4 00000084 t tt_cmap10_char_index
0013c558 000000d4 t tt_cmap10_char_next
0013c62c 00000038 t tt_cmap10_get_info
0013c664 0000003c t tt_cmap12_init
0013c6a0 0000014c t tt_cmap12_next
0013c7ec 000001b4 t tt_cmap12_char_map_binary
0013c9a0 00000024 t tt_cmap12_char_index
0013c9c4 00000038 t tt_cmap12_get_info
0013c9fc 0000003c t tt_cmap13_init
0013ca38 000000f0 t tt_cmap13_next
0013cb28 000001a0 t tt_cmap13_char_map_binary
0013ccc8 00000024 t tt_cmap13_char_index
0013ccec 00000038 t tt_cmap13_get_info
0013cd24 00000040 t tt_cmap14_init
0013cd64 00000008 t tt_cmap14_char_index
0013cd6c 0000000c t tt_cmap14_char_next
0013cd78 00000014 t tt_cmap14_get_info
0013cd8c 0000000c t tt_get_cmap_info
0013cd98 0000024c t tt_face_get_kerning
0013cfe4 0000002c t compare_offsets
0013d010 000000a0 t get_sfnt_table
0013d0b0 00000300 t tt_sbit_decoder_load_byte_aligned
0013d3b0 00000274 t tt_sbit_decoder_load_bit_aligned
0013d624 0000025c t tt_cmap2_validate
0013d880 00000454 t tt_cmap4_validate
0013dcd4 000000c8 t tt_cmap6_validate
0013dd9c 00000300 t tt_cmap8_validate
0013e09c 00000104 t tt_cmap10_validate
0013e1a0 000001fc t tt_cmap12_validate
0013e39c 00000208 t tt_cmap13_validate
0013e5a4 000003b8 t tt_cmap14_validate
0013e95c 000000b8 t tt_name_entry_ascii_from_other
0013ea14 000000d0 t tt_name_entry_ascii_from_utf16
0013eae4 00000038 t tt_cmap14_done
0013eb1c 000000cc t tt_face_free_ps_names
0013ebe8 00000080 t tt_face_free_name
0013ec68 00000028 t sfnt_stream_close
0013ec90 0000000c t sfnt_get_interface
0013ec9c 00000258 t tt_face_load_kern
0013eef4 00000028 t tt_face_free_sbit
0013ef1c 000001ac t sfnt_done_face
0013f0c8 00000060 t tt_face_goto_table
0013f128 00000068 t tt_face_load_hmtx
0013f190 00000178 t tt_face_get_metrics
0013f308 00000138 t tt_face_load_gasp
0013f440 0000029c t tt_face_get_name
0013f6dc 000000b0 t tt_face_load_any
0013f78c 0000000c t tt_face_set_sbit_strike
0013f798 0000029c t tt_face_load_sbit
0013fa34 00000044 t tt_face_load_pclt
0013fa78 000001a4 t tt_face_load_name
0013fc1c 00000044 t tt_face_load_post
0013fc60 000000f4 t tt_face_load_maxp
0013fd54 00000080 t tt_face_load_hhea
0013fdd4 000008cc t tt_sbit_decoder_load_image
001406a0 00000124 t tt_sbit_decoder_load_compound
001407c4 00000298 t tt_face_build_cmaps
00140a5c 00000ae4 t sfnt_load_face
00141540 000002bc t tt_cmap4_char_next
001417fc 00000058 t tt_cmap12_char_next
00141854 00000058 t tt_cmap13_char_next
001418ac 00000078 t sfnt_table_info
00141924 000000b0 t tt_cmap0_validate
001419d4 0000004c t tt_face_load_cmap
00141a20 000001f4 t tt_face_load_strike_metrics
00141c14 000004e8 t load_post_names
001420fc 00000180 t sfnt_get_glyph_name
0014227c 0000026c t sfnt_get_ps_name
001424e8 0000044c t tt_face_load_sbit_image
00142934 000003dc t tt_face_load_font_dir
00142d10 00000044 t tt_face_load_head
00142d54 000000f8 t tt_face_load_os2
00142e4c 00000b08 t sfnt_init_face
00143954 00000044 t tt_face_load_bhed
00143998 00000148 t tt_cmap2_char_next
00143ae0 000000c4 t tt_cmap14_variants
00143ba4 000000e4 t tt_cmap14_get_nondef_chars
00143c88 0000039c t tt_face_find_bdf_prop
00144024 00000124 t tt_cmap14_get_def_chars
00144148 00000474 t tt_cmap14_variant_chars
001445bc 000002e0 t tt_cmap14_char_variants
0014489c 000002f0 t tt_cmap14_char_var_index
00144b8c 000002e0 t tt_cmap14_char_var_isdefault
00144e6c 000001b8 t sfnt_get_name_index
00145024 0000019c t tt_cmap4_char_index
001451c0 00000178 t tt_face_get_ps_name
00145338 00000398 t sfnt_get_charset_id
001456d0 000001d0 t af_sort_and_quantize_widths
001458a0 00000038 t af_dummy_hints_init
001458d8 00000298 t af_latin_hints_link_segments
00145b70 0000009c t af_latin_hints_init
00145c0c 0000008c t af_cjk_hints_init
00145c98 00000020 t af_autofitter_init
00145cb8 00000004 t af_autofitter_done
00145cbc 00000804 t af_glyph_hints_reload
001464c0 000005c4 t af_latin_hints_compute_segments
00146a84 000001b8 t af_axis_hints_new_edge
00146c3c 0000009c t af_face_globals_free
00146cd8 0000000c t af_get_interface
00146ce4 000007c4 t af_cjk_hints_detect_features
001474a8 0000030c t af_cjk_metrics_scale
001477b4 00000004 t af_indic_metrics_scale
001477b8 000003e0 t af_latin_metrics_scale
00147b98 00000514 t af_cjk_metrics_init_blues
001480ac 000009b8 t af_latin_metrics_init_blues
00148a64 000003f0 t af_cjk_metrics_init_widths
00148e54 000000f0 t af_cjk_metrics_init
00148f44 0000008c t af_indic_hints_init
00148fd0 00000090 t af_dummy_hints_apply
00149060 000000ec t af_indic_metrics_init
0014914c 0000041c t af_face_globals_new
00149568 000001a0 t af_property_get
00149708 00000158 t af_property_set
00149860 000007f4 t af_autofitter_load_glyph
0014a054 00000b34 t af_cjk_hints_apply
0014ab88 00000004 t af_indic_hints_apply
0014ab8c 000003f0 t af_latin_metrics_init_widths
0014af7c 000000f0 t af_latin_metrics_init
0014b06c 000021fc t af_latin_hints_apply
0014d268 00000008 T af_get_coverage
0014d270 0000003c T af_get_char_index
0014d2ac 0000002c t t1_hints_open
0014d2d8 0000002c t t2_hints_open
0014d304 00000008 t pshinter_get_globals_funcs
0014d30c 00000008 t pshinter_get_t1_funcs
0014d314 00000008 t pshinter_get_t2_funcs
0014d31c 000000d8 t ps_hinter_init
0014d3f4 0000002c t psh_globals_destroy
0014d420 00000134 t psh_blues_set_zones_0.isra.5
0014d554 000001ac t psh_blues_set_zones
0014d700 0000026c t psh_globals_new
0014d96c 00000138 t psh_hint_table_activate_mask.isra.9
0014daa4 000002bc t psh_hint_table_find_strong_points.isra.12
0014dd60 000005a8 t psh_hint_align
0014e308 000001d4 t ps_hinter_done
0014e4dc 000003ac t ps_mask_table_merge_all
0014e888 00000078 t ps_hints_close
0014e900 00000380 t psh_hint_table_init.isra.14
0014ec80 00000484 t psh_globals_set_scale
0014f104 00001400 T ps_hints_apply
00150504 0000013c t ps_hints_t1reset
00150640 0000023c t ps_dimension_set_mask_bits
0015087c 0000023c t ps_dimension_add_t1stem.constprop.29
00150ab8 00000064 t t1_hints_stem
00150b1c 00000250 t t2_hints_stems
00150d6c 000006cc t ps_hints_t1stem3
00151438 0000026c t ps_hints_t2counter
001516a4 00000274 t ps_hints_t2mask
00151918 00000088 t Split_Conic
001519a0 000000e8 t Split_Cubic
00151a88 00000034 t Vertical_Sweep_Init
00151abc 00000110 t Vertical_Sweep_Span
00151bcc 000001ac t Vertical_Sweep_Drop
00151d78 00000014 t Vertical_Sweep_Step
00151d8c 00000004 t Horizontal_Sweep_Init
00151d90 00000088 t Horizontal_Sweep_Span
00151e18 000001e4 t Horizontal_Sweep_Drop
00151ffc 00000004 t Horizontal_Sweep_Step
00152000 00000004 t ft_black_reset
00152004 00000008 t ft_black_set_mode
0015200c 0000002c t ft_raster1_init
00152038 00000014 t ft_raster1_set_mode
0015204c 0000000c t ft_black_done
00152058 00000280 t ft_black_render
001522d8 00000040 t ft_black_new
00152318 00000034 t ft_raster1_get_cbox
0015234c 000001f0 t ft_raster1_render
0015253c 00000054 t ft_raster1_transform
00152590 00000174 t gray_hline
00152704 00000004 t gray_raster_reset
00152708 00000008 t gray_raster_set_mode
00152710 0000002c t ft_smooth_init
0015273c 00000014 t ft_smooth_set_mode
00152750 0000000c t gray_raster_done
0015275c 000000d8 t gray_render_span
00152834 00000040 t gray_raster_new
00152874 00000034 t ft_smooth_get_cbox
001528a8 00000350 t ft_smooth_render_lcd_v
00152bf8 00000140 t gray_convert_glyph_inner
00152d38 000006e8 t gray_raster_render
00153420 00000054 t ft_smooth_transform
00153474 00000148 t gray_set_cell
001535bc 000003b8 t gray_render_scanline
00153974 00000178 t gray_move_to
00153aec 000005f0 t gray_render_line
001540dc 000002cc t gray_cubic_to
001543a8 000001a8 t gray_conic_to
00154550 00000024 t gray_line_to
00154574 000002ac t ft_smooth_render
00154820 0000032c t ft_smooth_render_lcd
00154b4c 00000014 t ftc_size_node_compare_faceid
00154b60 00000014 t ftc_face_node_compare
00154b74 00000008 t ftc_cmap_node_weight
00154b7c 00000020 t ftc_cmap_node_remove_faceid
00154b9c 00000034 t ftc_gnode_compare
00154b9c 00000034 t FTC_GNode_Compare
00154bd0 00000068 t ftc_inode_weight
00154c38 00000048 t ftc_snode_weight
00154c80 000000a0 t ftc_basic_family_compare
00154d20 0000003c t ftc_basic_family_init
00154d5c 00000068 t ftc_cmap_node_new
00154dc4 000001a8 t FTC_MruList_New
00154f6c 00000010 t ftc_cmap_node_free
00154f7c 00000010 t ftc_size_node_done
00154f8c 000001ac t ftc_cache_resize
00155138 00000104 t ftc_node_destroy
0015523c 00000120 t ftc_cache_done
0015535c 00000048 t ftc_cache_init
001553a4 00000050 t ftc_cmap_node_compare
001553f4 00000094 t ftc_size_node_compare
00155488 0000004c t ftc_face_node_init
001554d4 00000088 t ftc_gcache_init
0015555c 00000238 t FTC_Cache_NewNode
00155794 0000007c t ftc_gcache_done
00155810 0000014c t ftc_face_node_done
0015595c 00000168 t ftc_size_node_init
00155ac4 00000170 t ftc_size_node_reset
00155c34 000000bc t ftc_basic_family_get_count
00155cf0 00000158 t ftc_basic_family_load_bitmap
00155e48 00000194 t ftc_basic_family_load_glyph
00155fdc 00000358 t ftc_snode_compare
00156334 000000d0 t ftc_inode_free
00156404 000000e8 t ftc_snode_free
001564ec 00000148 t ftc_inode_new
00156634 00000384 t ftc_snode_new
001569b8 000000b8 t ftc_basic_gnode_compare_faceid
00156a70 00000154 T FTC_Manager_LookupSize
00156bc4 000000c8 T FTC_Manager_LookupFace
00156c8c 00000108 T FTC_Manager_New
00156d94 00000164 T FTC_Manager_Done
00156ef8 00000154 T FTC_Manager_Reset
0015704c 000002b4 T FTC_Manager_RemoveFaceID
00157300 00000028 T FTC_Node_Unref
00157328 000000fc T FTC_CMapCache_New
00157424 000002b4 T FTC_CMapCache_Lookup
001576d8 000000fc T FTC_ImageCache_New
001577d4 00000330 T FTC_ImageCache_Lookup
00157b04 000003c8 T FTC_ImageCache_LookupScaler
00157ecc 000000fc T FTC_SBitCache_New
00157fc8 000003a8 T FTC_SBitCache_Lookup
00158370 00000428 T FTC_SBitCache_LookupScaler
00158798 00000b90 t huft_build
00159328 000002d8 t adler32
00159600 00000004 t zcfree
00159604 0000001c t ft_gzip_alloc
00159620 0000001c t zcalloc
0015963c 00000158 t inflate_flush
00159794 00000004 t ft_gzip_free
00159798 00000104 t inflateEnd
0015989c 0000015c t ft_gzip_stream_close
001599f8 000022b4 t inflate_blocks
0015bcac 00000680 t ft_gzip_file_fill_output
0015c32c 000001f8 t ft_gzip_file_io
0015c524 00000008 t ft_gzip_stream_io
0015c52c 000006d0 T FT_Stream_OpenGzip
0015cbfc 00000800 T FT_Gzip_Uncompress
0015d3fc 00000180 t ft_lzwstate_get_code
0015d57c 000000a4 t ft_lzw_stream_close
0015d620 00000f5c t ft_lzw_stream_io
0015e57c 000001ec T FT_Stream_OpenLZW
0015e768 0000002c T ft_lzwstate_reset
0015e794 0000006c T ft_lzwstate_init
0015e800 00000070 T ft_lzwstate_done
0015e870 000006c8 T ft_lzwstate_io
0015ef38 00000234 t skip_literal_string
0015f16c 0000004c t ps_parser_init
0015f1b8 00000004 t ps_parser_done
0015f1bc 0000002c t t1_builder_done
0015f1e8 000000c8 t t1_builder_close_contour
0015f2b0 0000002c t t1_decoder_done
0015f2dc 00000018 t t1_cmap_std_done
0015f2f4 00000038 t t1_cmap_standard_init
0015f32c 00000038 t t1_cmap_expert_init
0015f364 0000002c t t1_cmap_custom_init
0015f390 00000014 t t1_cmap_custom_done
0015f3a4 00000034 t t1_cmap_custom_char_index
0015f3d8 00000080 t t1_cmap_custom_char_next
0015f458 0000000c t psaux_get_glyph_name
0015f464 00000040 t t1_cmap_unicode_init
0015f4a4 00000010 t t1_cmap_unicode_char_index
0015f4b4 00000010 t t1_cmap_unicode_char_next
0015f4c4 00000030 t afm_compare_kern_pairs
0015f4f4 000001b8 t PS_Conv_Strtol
0015f6ac 00000050 t t1_decrypt
0015f6fc 0000005c t ps_table_release
0015f758 0000001c t afm_parser_done
0015f774 00000028 t t1_cmap_unicode_done
0015f79c 000000a0 t ps_table_done
0015f83c 00000060 t afm_parser_init
0015f89c 000000d8 t ps_table_new
0015f974 00000068 t t1_builder_add_point
0015f9dc 000000a8 t t1_builder_add_contour
0015fa84 000000b0 t t1_builder_init
0015fb34 00000098 t t1_lookup_glyph_by_stdcharcode
0015fbcc 00000090 t afm_tokenize
0015fc5c 000000e4 t afm_stream_read_one
0015fd40 00000154 t ps_table_add
0015fe94 0000008c t t1_cmap_std_char_index
0015ff20 000000b4 t t1_cmap_std_char_next
0015ffd4 00000048 t t1_builder_check_points
0016001c 00000124 t t1_decoder_init
00160140 000000d0 t afm_stream_read_string
00160210 000001c0 t PS_Conv_ToInt
001603d0 00000364 t PS_Conv_ToFixed
00160734 000001f8 t skip_procedure
0016092c 00000254 t afm_parser_read_vals
00160b80 0000021c t afm_parser_read_vals.constprop.7
00160d9c 00000134 t afm_parser_next_key.isra.1.constprop.9
00160ed0 000001a4 t ps_tofixedarray
00161074 000000a4 t t1_builder_add_point1
00161118 00000094 t ps_parser_skip_spaces
001611ac 00000258 t ps_parser_to_int
00161404 00000098 t ps_parser_to_fixed
0016149c 00000274 t ps_parser_to_coord_array
00161710 000000a8 t ps_parser_to_fixed_array
001617b8 00000204 t ps_parser_to_bytes
001619bc 00000148 t t1_builder_start_point.part.4
00161b04 0000015c t t1_builder_start_point
00161c60 00000340 t ps_parser_skip_PS_token
00161fa0 00000320 t ps_parser_to_token
001622c0 000003a8 t ps_parser_to_token_array
00162668 000005c8 t ps_parser_load_field
00162c30 000001ec t ps_parser_load_field_table
00162e1c 00000ae8 t afm_parser_parse
00163904 00001810 t t1_decoder_parse_charstrings
00165114 00000038 t compare_uni_maps
0016514c 000000c0 t ps_unicodes_char_index
0016520c 000000d0 t ps_unicodes_char_next
001652dc 00000030 t ps_get_macintosh_name
0016530c 00000030 t ps_get_standard_strings
0016533c 0000000c t psnames_get_service
00165348 00000180 t ft_get_adobe_glyph_index.part.0
001654c8 0000022c t ps_unicode_value
001656f4 0000049c t ps_unicodes_init
00165b90 00000024 t ft_ansi_stream_close
00165bb4 0000005c t ft_ansi_stream_io
00165c10 00000008 t ft_alloc
00165c18 00000008 t ft_free
00165c20 0000000c t ft_realloc
00165c2c 000000b4 T FT_Stream_Open
00165ce0 00000044 T FT_New_Memory
00165d24 00000004 T FT_Done_Memory
00165d28 00000028 T FT_Bitmap_Init
00165d50 00000028 T FT_Bitmap_New
00165d78 000001ac T FT_Bitmap_Copy
00165f24 000004e8 T FT_Bitmap_Convert
0016640c 000006fc T FT_Bitmap_Embolden
00166b08 000001f8 T FT_GlyphSlot_Own_Bitmap
00166d00 00000054 T FT_Bitmap_Done
00166d54 00000030 t ft_bitmap_glyph_bbox
00166d84 00000038 t ft_outline_glyph_prepare
00166dbc 00000024 t ft_bitmap_glyph_copy
00166de0 0000000c t ft_bitmap_glyph_done
00166dec 00000008 t ft_outline_glyph_bbox
00166df4 00000034 t ft_outline_glyph_transform
00166e28 0000003c t ft_outline_glyph_copy
00166e64 00000058 t ft_outline_glyph_init
00166ebc 0000000c t ft_outline_glyph_done
00166ec8 0000009c t ft_bitmap_glyph_init
00166f64 000000f4 T FT_Glyph_Copy
00167058 00000128 T FT_Get_Glyph
00167180 00000064 T FT_Glyph_Transform
001671e4 000000a4 T FT_Glyph_Get_CBox
00167288 00000034 T FT_Done_Glyph
001672bc 000002c0 T FT_Glyph_To_Bitmap
0016757c T initSystem
001675c0 T __ctru_exit
001675e0 t .udivsi3_skip_div0_test
001675e0 T __aeabi_uidiv
001675e0 000001ec T __udivsi3
001677cc 00000020 T __aeabi_uidivmod
001677ec T __aeabi_idiv
001677ec 00000220 T __divsi3
001677f4 t .divsi3_skip_div0_test
00167a0c 00000020 T __aeabi_idivmod
00167a2c 00000004 W __aeabi_idiv0
00167a2c 00000004 W __aeabi_ldiv0
00167a30 0000019c T __aeabi_frsub
00167a38 00000194 T __aeabi_fsub
00167a38 00000194 T __subsf3
00167a3c 00000190 T __addsf3
00167a3c 00000190 T __aeabi_fadd
00167bcc 00000028 T __aeabi_ui2f
00167bcc 00000028 T __floatunsisf
00167bd4 00000020 T __aeabi_i2f
00167bd4 00000020 T __floatsisf
00167bf4 0000008c T __aeabi_ul2f
00167bf4 0000008c T __floatundisf
00167c04 0000007c T __aeabi_l2f
00167c04 0000007c T __floatdisf
00167c80 T __aeabi_uldivmod
00167cbc 00000128 T __udivmoddi4
00167de4 00000014 T setjmp
00167df8 00000018 T longjmp
00167e28 00000390 T strcmp
001681c0 00000008 t null_write
001681c8 00000018 T setDefaultDevice
001681e0 000000bc T FindDevice
0016829c 0000002c T RemoveDevice
001682c8 00000098 T AddDevice
00168360 00000024 T GetDeviceOpTab
00168384 0000007c T _close_r
00168400 0000006c T _fstat_r
0016846c 00000008 T _isatty_r
00168474 00000078 T _lseek_r
001684ec 000000c8 T _open_r
001685b4 00000078 T _read_r
0016862c 00000070 T _sbrk_r
0016869c 00000078 T _write_r
00168714 000001bc T _concatenate_path
001688d0 00000154 T chdir
00168a24 000000a0 T getcwd
00168ac4 00000008 T __flockfile
00168acc 00000008 T __funlockfile
00168ad4 00000018 T __libc_lock_init
00168aec 00000018 T __libc_lock_acquire
00168b04 00000024 T __libc_lock_try_acquire
00168b28 00000018 T __libc_lock_release
00168b40 00000018 T __libc_lock_close
00168b58 00000018 T __libc_lock_init_recursive
00168b70 00000018 T __libc_lock_acquire_recursive
00168b88 00000024 T __libc_lock_try_acquire_recursive
00168bac 00000018 T __libc_lock_release_recursive
00168bc4 00000018 T __libc_lock_close_recursive
00168bdc 00000044 T __free_handle
00168c20 0000003c T __release_handle
00168c5c 00000078 T __alloc_handle
00168cd4 0000001c T __get_handle
00168cf0 000000a4 T dup
00168d94 0000010c T dup2
00168ea0 00000028 T __getreent
00168ec8 0000009c T Button::clicked()
00168f64 00000040 T Button::init(int, int, int, int, char)
00168fa4 0000004c T Button::Button(int, int, int, int)
00168fa4 0000004c T Button::Button(int, int, int, int)
00168ff0 000000ec T Button::draw(unsigned long)
001690dc 00000080 T Button::touchControll()
0016915c 00000054 T Button::change()
001691b0 00000020 T Object::Object()
001691b0 00000020 T Object::Object()
001691d0 00000018 T Object::Object(int, int, int, int, char)
001691d0 00000018 T Object::Object(int, int, int, int, char)
001691e8 00000028 T Object::draw(unsigned long)
00169210 00000028 T Object::printOffset(int, int, unsigned long, unsigned long, sftd_font*)
00169238 00000008 T Object::getX()
00169240 00000008 T Object::getY()
00169248 00000008 T Object::getWidth()
00169250 00000008 T Object::getHeight()
00169258 00000008 T Object::setX(int)
00169260 00000008 T Object::setY(int)
00169268 00000008 T Object::setWidth(int)
00169270 00000008 T Object::setHeight(int)
00169278 00000188 T menu()
00169400 00000068 T main
00169468 0000011c t atlas_add_glyph
00169584 00000054 t ftc_face_requester
001695d8 00000040 T sftd_init
00169618 00000044 T sftd_fini
0016965c 000000c4 T sftd_load_font_mem
00169720 00000050 T sftd_free_font
00169770 00000258 T sftd_draw_text
001699c8 00000088 T texture_atlas_create
00169a50 0000002c T texture_atlas_free
00169a7c 00000114 T texture_atlas_insert
00169b90 00000018 T texture_atlas_exists
00169ba8 00000070 T texture_atlas_get
00169c18 0000004c T bp2d_create
00169c64 00000034 T bp2d_free
00169c98 0000015c T bp2d_insert
00169df4 0000003c T int_htab_create
00169e30 0000004c T int_htab_free
00169e7c 000000f8 T int_htab_insert
00169f74 00000068 T int_htab_resize
00169fdc 000000a0 T int_htab_find
0016a07c 0000017c t ft_var_readpackedpoints
0016a1f8 00000130 t ft_var_readpackeddeltas
0016a328 00000130 t tt_delta_interpolate.part.52
0016a458 000000c4 t cff_charset_compute_cids
0016a51c 00000338 t cff_index_get_pointers
0016a854 00000278 t cff_parser_run
0016aacc 00000274 t cff_subfont_load
0016ad40 00000030 t t42_is_space
0016ad70 00000074 t af_cjk_snap_width
0016ad70 00000074 t af_latin_snap_width
0016ade4 00000174 t af_warper_compute_line_best
0016af58 00000338 t af_warper_compute
0016b290 0000021c t af_glyph_hints_align_strong_points
0016b4ac 00000090 t af_glyph_hints_scale_dim.isra.3
0016b53c 000001b4 t af_latin_compute_stem_width.isra.4
0016b6f0 0000004c t af_latin_align_linked_edge
0016b73c 0000014c t af_cjk_compute_stem_width.isra.6
0016b888 000001b0 t af_hint_normal_stem
0016ba38 000000e0 t af_iup_interp.part.11
0016bb18 00000204 t af_glyph_hints_align_weak_points
0016bd1c 000000d8 t New_Profile
0016bdf4 000000a8 t End_Profile
0016be9c 000000a8 t Insert_Y_Turn
0016bf44 00000204 t Bezier_Up
0016c148 00000094 t Bezier_Down
0016c1dc 000001a0 t Conic_To
0016c37c 000001c4 t Cubic_To
0016c540 000000b0 t Sort
0016c5f0 000001d8 t Line_Up
0016c7c8 00000258 t Line_To
0016ca20 00000ad8 t Render_Single_Pass
0016d4f8 00000048 T sf2d_fini
0016d540 0000009c T sf2d_start_frame_target
0016d5dc 00000038 T sf2d_start_frame
0016d614 00000004 T sf2d_end_frame
0016d618 000000b0 T sf2d_swapbuffers
0016d6c8 00000010 T sf2d_set_vblank_wait
0016d6d8 00000040 T sf2d_pool_memalign
0016d718 00000038 T sf2d_set_clear_color
0016d750 000001ac t sf2d_init_advanced.part.0
0016d8fc 00000028 T sf2d_init
0016d924 00000094 T sf2d_setup_env_internal
0016d9b8 000000bc T sf2d_draw_rectangle
0016da74 00000114 T sf2d_create_texture
0016db88 0000009c T sf2d_create_rendertarget
0016dc24 00000020 T sf2d_free_texture
0016dc44 00000014 T sf2d_clear_target
0016dc58 00000060 T sf2d_bind_texture_color
0016dcb8 00000008 T sf2d_texture_set_params
0016dcc0 0000016c T sf2d_draw_texture_part_scale_blend
0016de2c 0000008c T sf2d_set_pixel
0016deb8 00000114 T sf2d_texture_tile32
0016dfcc 00000024 t addrMapNodeComparator(rbtree_node const*, rbtree_node const*)
0016dff0 00000004 t addrMapNodeDestructor(rbtree_node*)
0016dff4 00000140 T linearMemAlign
0016e134 00000008 T linearAlloc
0016e13c 00000050 T linearFree
0016e18c 000000a0 T MemPool::CoalesceRight(MemBlock*)
0016e22c 0000018c T MemPool::Allocate(MemChunk&, unsigned long, int)
0016e3b8 00000104 T MemPool::Deallocate(MemChunk const&)
0016e4bc 0000008c t gfxSetFramebufferInfo.part.0
0016e548 00000010 T gfxSet3D
0016e558 00000010 T gfxIs3D
0016e568 00000018 T __get_bytes_per_pixel
0016e580 00000070 T gfxSetFramebufferInfo
0016e5f0 00000088 T gfxWriteFramebufferInfo
0016e678 000001d0 T gfxInit
0016e848 00000010 T gfxInitDefault
0016e858 000000e0 T gfxExit
0016e938 000000b0 T gfxGetFramebuffer
0016e9e8 00000070 T gfxConfigScreen
0016ea58 00000058 t getSysTime
0016eab0 0000004c T osConvertVirtToPhys
0016eafc 00000024 T osGetMemRegionUsed
0016eb20 000000f4 T __libctru_gtod
0016ec18 00000078 T osGetTime
0016ec90 00000034 T __ctru_speedup_config
0016ecc4 00000054 T GX_ProcessCommandList
0016ed18 00000060 T GX_MemoryFill
0016ed78 00000050 T GX_DisplayTransfer
0016edc8 00000054 T GX_FlushCacheRegions
0016ee1c 0000023c T shaderInstanceInit
0016f058 00000038 T shaderInstanceFree
0016f090 00000018 T shaderInstanceGetUniformLocation
0016f0a8 00000018 T shaderProgramInit
0016f0c0 00000030 T shaderProgramFree
0016f0f0 0000006c T shaderProgramSetVsh
0016f15c 000008a4 T shaderProgramConfigure
0016fa00 0000003c T DVLB_Free
0016fa3c 00000080 T DVLE_GetUniformRegister
0016fabc 000001f0 T DVLE_GenerateOutmap
0016fcac 000001d8 T DVLB_ParseFile
0016fe84 00000004 W _aptDebug
0016fe88 0000012c T aptSendCommand
0016ffb4 0000003c t aptExitProcess
0016fff0 00000038 T aptHook
00170028 0000002c T aptUnhook
00170054 0000004c T APT_InquireNotification
001700a0 00000198 t aptEventHandler
00170238 00000074 T APT_AppletUtility
001702ac 000000b0 T aptSetSleepAllowed
0017035c 000000b4 T APT_GlanceParameter
00170410 000000c0 T APT_ReceiveParameter
001704d0 000000a8 t aptReceiveParameter.constprop.1
00170578 000001e0 t aptScreenTransfer
00170758 00000224 t aptWaitForWakeUp
0017097c 00000070 T APT_CancelParameter
001709ec 0000021c T aptInit
00170c08 00000088 t aptClearParamQueue
00170c90 00000208 T aptMainLoop
00170e98 00000148 T aptExit
00170fe0 00000070 T APT_CheckNew3DS
00171050 00000154 t gspEventThreadMain
001711a4 00000074 T gspInit
00171218 0000003c T gspExit
00171254 0000002c T gspSetEventCallback
00171280 00000084 T gspInitEventHandler
00171304 00000030 T gspExitEventHandler
00171334 00000044 T gspWaitForEvent
00171378 00000064 T gspWaitForAnyEvent
001713dc 00000128 T gspSubmitGxCommand
00171504 0000006c T GSPGPU_SetBufferSwap
00171570 0000004c T GSPGPU_FlushDataCache
001715bc 00000034 T GSPGPU_SetLcdForceBlack
001715f0 00000064 T GSPGPU_RegisterInterruptRelayQueue
00171654 0000002c T GSPGPU_UnregisterInterruptRelayQueue
00171680 00000048 T GSPGPU_AcquireRight
001716c8 0000002c T GSPGPU_ReleaseRight
001716f4 00000080 T GSPGPU_ImportDisplayCaptureInfo
00171774 0000002c T GSPGPU_SaveVramSysArea
001717a0 0000002c T GSPGPU_RestoreVramSysArea
001717cc 000000d8 T hidExit
001718a4 00000238 T hidScanInput
00171adc 00000010 T hidKeysDown
00171aec 00000010 T hidKeysUp
00171afc 00000018 T hidTouchRead
00171b14 00000090 T HIDUSER_GetHandles
00171ba4 00000184 T hidInit
00171d28 000000b0 T irrstScanInput
00171dd8 0000001c T irrstKeysHeld
00171df4 00000050 T IRRST_GetHandles
00171e44 00000148 T irrstInit
00171f8c 0000002c T IRRST_Shutdown
00171fb8 000000b0 T irrstExit
00172068 00000070 T ptmSysmInit
001720d8 00000034 T ptmSysmExit
0017210c 00000034 T PTMSYSM_ConfigureNew3DSCPU
00172140 00000070 T rbtree_find
001721b0 00000014 T rbtree_init
001721c4 000001d4 t do_insert
00172398 00000008 T rbtree_insert
001723a0 0000035c T rbtree_remove
001726fc 000000ac T rbtree_rotate
001727a8 00000058 t osGetMemRegionSize
00172800 00000124 W __system_allocateHeaps
00172924 000000f4 T __system_initArgv
00172a18 00000038 W __libctru_init
00172a50 00000030 t __ctru_get_reent
00172a80 000000e8 T __system_initSyscalls
00172b68 T svcControlMemory
00172b88 T svcExitProcess
00172b90 T svcCreateThread
00172bb0 T svcExitThread
00172bb8 T svcSleepThread
00172bc0 T svcReleaseMutex
00172bc8 T svcCreateEvent
00172bdc T svcSignalEvent
00172be4 T svcClearEvent
00172bec T svcMapMemoryBlock
00172bf4 T svcUnmapMemoryBlock
00172bfc T svcCreateAddressArbiter
00172c10 T svcArbitrateAddress
00172c28 T svcCloseHandle
00172c30 T svcWaitSynchronization
00172c38 T svcWaitSynchronizationN
00172c60 T svcDuplicateHandle
00172c74 T svcGetSystemTick
00172c7c T svcGetSystemInfo
00172c94 T svcConnectToPort
00172ca8 T svcSendSyncRequest
00172cb0 T svcBreak
00172cb8 00000024 t addrMapNodeComparator(rbtree_node const*, rbtree_node const*)
00172cdc 00000004 t addrMapNodeDestructor(rbtree_node*)
00172ce0 000000f4 T mappableAlloc
00172dd4 00000050 T mappableFree
00172e24 00000024 t addrMapNodeComparator(rbtree_node const*, rbtree_node const*)
00172e48 00000004 t addrMapNodeDestructor(rbtree_node*)
00172e4c 00000130 T vramMemAlign
00172f7c 00000008 T vramAlloc
00172f84 00000050 T vramFree
00172fd4 00000094 T envGetHandle
00173068 0000004c T envDestroyHandles
001730b4 00000050 T srvExit
00173104 00000038 T srvRegisterClient
0017313c 00000070 T srvInit
001731ac 00000068 T srvGetServiceHandleDirect
00173214 00000038 T srvGetServiceHandle
0017324c 00000034 t LightLock_Unlock.part.1
00173280 0000000c T __sync_init
0017328c 00000018 T __sync_fini
001732a4 00000010 T __sync_get_arbiter
001732b4 00000018 T LightLock_Init
001732cc 00000094 T LightLock_Lock
00173360 00000034 T LightLock_TryLock
00173394 00000020 T LightLock_Unlock
001733b4 00000024 T RecursiveLock_Init
001733d8 00000030 T RecursiveLock_Lock
00173408 00000058 T RecursiveLock_TryLock
00173460 00000038 T RecursiveLock_Unlock
00173498 00000038 T LightEvent_Init
001734d0 0000007c T LightEvent_Clear
0017354c 000000dc T LightEvent_Signal
00173628 000000c8 T LightEvent_Wait
001736f0 000001c8 T threadCreate
001738b8 00000024 T threadJoin
001738dc 0000006c T threadExit
00173948 0000003c t _thread_begin
00173984 0000002c T GPUCMD_SetBuffer
001739b0 00000040 T GPUCMD_GetBuffer
001739f0 000000e4 T GPUCMD_Add
00173ad4 00000098 T GPUCMD_Finalize
00173b6c 00000040 T f32tof24
00173bac 00000040 T f32tof31
00173bec 0000008c T rbtree_node_next
00173c78 0000001c W __appExit
00173c94 0000001c W __appInit
00173cb0 000000a4 W __libctru_exit
00173d54 00000010 t sdmc_link
00173d64 00000010 t sdmc_dirreset
00173d74 00000010 t sdmc_chmod
00173d84 00000010 t sdmc_fchmod
00173d94 00000024 t error_cmp
00173db8 00000050 t sdmc_translate_error
00173e08 00000034 t sdmc_fsync
00173e3c 00000054 t sdmc_ftruncate
00173e90 000000ac t sdmc_statvfs
00173f3c 00000038 t sdmc_dirclose
00173f74 0000013c t sdmc_dirnext
001740b0 00000034 t sdmc_close
001740e4 00000074 t sdmc_fstat
00174158 000000c0 t sdmc_seek
00174218 0000008c t sdmc_read
001742a4 00000110 t sdmc_write_safe
001743b4 000001b4 t sdmc_utf16path
00174568 00000074 t sdmc_rmdir
001745dc 000000a8 t sdmc_diropen
00174684 000000a0 t sdmc_chdir
00174724 00000098 t sdmc_mkdir
001747bc 00000108 t sdmc_rename
001748c4 00000074 t sdmc_unlink
00174938 00000108 t sdmc_stat
00174a40 00000188 t sdmc_open
00174bc8 0000015c T sdmcInit
00174d24 00000054 T sdmcExit
00174d78 00000028 t fsSessionForArchive.part.0
00174da0 000000cc T fsInit
00174e6c 00000038 T fsExit
00174ea4 00000074 T fsExemptFromSession
00174f18 00000054 T fsUnexemptFromSession
00174f6c 000000bc T FSUSER_OpenFile
00175028 000000a4 T FSUSER_DeleteFile
001750cc 000000e0 T FSUSER_RenameFile
001751ac 000000a4 T FSUSER_DeleteDirectory
00175250 000000bc T FSUSER_CreateFile
0017530c 000000ac T FSUSER_CreateDirectory
001753b8 000000e0 T FSUSER_RenameDirectory
00175498 000000a4 T FSUSER_OpenDirectory
0017553c 0000009c T FSUSER_OpenArchive
001755d8 00000074 T FSUSER_CloseArchive
0017564c 00000078 T FSUSER_GetSdmcArchiveResource
001756c4 00000064 T FSUSER_IsSdmcWritable
00175728 0000005c T FSFILE_Read
00175784 00000064 T FSFILE_Write
001757e8 0000003c T FSFILE_GetSize
00175824 0000002c T FSFILE_SetSize
00175850 0000003c T FSFILE_Close
0017588c 00000024 T FSFILE_Flush
001758b0 00000054 T FSDIR_Read
00175904 0000003c T FSDIR_Close
00175940 00000138 T decode_utf8
00175a78 000000e4 T utf16_to_utf8
00175b5c 000000bc T utf8_to_utf16
00175c18 T __aeabi_read_tp
00175c24 00000060 T decode_utf16
00175c84 00000068 T encode_utf16
00175cec 00000104 T encode_utf8
00175df0 00000028 T AttrInfo_Init
00175e18 000000a4 T AttrInfo_AddLoader
00175ebc 00000024 T C3D_GetAttrInfo
00175ee0 00000080 T C3Di_AttrInfoBind
00175f60 00000088 t C3Di_AptEventHook
00175fe8 00000168 T C3D_Init
00176150 00000098 T C3D_SetViewport
001761e8 00000580 T C3Di_UpdateContext
00176768 000000e0 T C3Di_FinalizeFrame
00176848 00000048 T C3D_Fini
00176890 000000d4 T C3D_BindProgram
00176964 00000020 T BufInfo_Init
00176984 00000084 T BufInfo_Add
00176a08 00000024 T C3D_GetBufInfo
00176a2c 00000048 T C3Di_BufInfoBind
00176a74 00000148 T C3D_DrawArrays
00176bbc 0000003c T C3D_DepthMap
00176bf8 0000001c T C3D_CullFace
00176c14 0000003c T C3D_StencilTest
00176c50 00000024 T C3D_StencilOp
00176c74 0000001c T C3D_BlendingColor
00176c90 00000028 T C3D_DepthTest
00176cb8 00000028 T C3D_AlphaTest
00176ce0 00000050 T C3D_AlphaBlend
00176d30 00000030 T C3D_FragOpMode
00176d60 0000011c T C3Di_EffectBind
00176e7c 000000b4 T C3D_ImmSendAttrib
00176f30 000000a4 T C3D_RenderBufInit
00176fd4 00000080 T C3D_RenderBufClearAsync
00177054 00000028 T C3D_RenderBufTransferAsync
0017707c 00000038 T C3D_RenderBufBind
001770b4 00000168 T C3Di_RenderBufBind
0017721c 00000018 T C3D_RenderBufDelete
00177234 00000040 t C3Di_RenderQueueWaitDone
00177274 00000078 t performTransfer.part.0
001772ec 00000050 t transferTarget
0017733c 00000024 t onVBlank1
00177360 0000008c t onVBlank0
001773ec 0000003c t performClear.part.2
00177428 0000004c t clearTarget
00177474 000000c0 t updateFrameQueue.part.4
00177534 000000e0 t onRenderFinish
00177614 00000018 t onClearDone.part.6
00177614 00000018 t onTransferFinish.part.5
0017762c 000000b0 t onTransferFinish
001776dc 00000064 t onClearDone
00177740 0000005c t checkRenderQueueInit.part.7
0017779c 00000064 T C3D_FrameBegin
00177800 00000078 T C3D_FrameDrawOn
00177878 000000d0 T C3D_FrameEnd
00177948 000000e0 T C3D_RenderTargetCreate
00177a28 0000007c T C3D_RenderTargetDelete
00177aa4 00000084 t C3Di_RenderQueueExit
00177b28 00000050 T C3D_RenderTargetSetClear
00177b78 00000058 T C3D_RenderTargetSetOutput
00177bd0 00000034 T TexEnv_Init
00177c04 00000034 T C3D_GetTexEnv
00177c38 00000024 T C3Di_TexEnvBind
00177c5c 000000b8 T C3D_TexInit
00177d14 000000b8 T C3D_TexInitVRAM
00177dcc 00000024 T C3D_TexSetWrap
00177df0 00000034 T C3D_TexBind
00177e24 0000003c T C3D_TexDelete
00177e60 000002ac T C3D_UpdateUniforms
0017810c 000000c0 T C3Di_DirtyUniforms
001781cc 000000e4 T C3Di_LoadShaderUniforms
001782b0 00000028 T C3Di_ClearShaderUniforms
001782d8 000000c8 T Mtx_OrthoTilt
001783a0 00000074 T __fpclassifyd
00178414 0000000c T atol
00178420 00000078 T bsearch
00178498 00000020 T calloc
001784b8 00000090 T _calloc_r
00178548 0000000c T __errno
00178554 00000120 T _fclose_r
00178674 00000018 T fclose
0017868c 00000230 T __sflush_r
001788bc 00000090 T _fflush_r
0017894c 00000038 T fflush
00178984 0000000c T _cleanup_r
00178990 00000080 t std.isra.0
00178a10 00000048 T __sfmoreglue
00178a58 0000008c T __sinit
00178ae4 0000011c T __sfp
00178c00 0000000c T __sfp_lock_acquire
00178c0c 0000000c T __sfp_lock_release
00178c18 0000003c T __libc_fini_array
00178c54 0000013c T _fopen_r
00178d90 00000020 T fopen
00178db0 000002ec T _fread_r
0017909c 00000038 T fread
001790d4 000000f8 T _malloc_trim_r
001791cc 000002e4 T _free_r
001794b0 00000004 T _fseek_r
001794b4 00000028 T fseek
001794dc 000004f8 T _fseeko_r
001799d4 00000018 T ftell
001799ec 00000164 T _ftello_r
00179b50 00000078 T _fwalk
00179bc8 00000080 T _fwalk_reent
00179c48 00000078 T __libc_init_array
00179cc0 00000160 T __smakebuf_r
00179e20 00000020 T memalign
00179e40 0000015c T _memalign_r
00179f9c 00000018 T malloc
00179fb4 00000018 T free
00179fcc 000007a8 T _malloc_r
0017a774 00000100 T memchr
0017a874 000000a8 T memcmp
0017a91c 000000f0 T memcpy
0017aa0c 00000128 T memmove
0017ab34 000000f4 T memset
0017ac28 0000000c T __malloc_lock
0017ac34 0000000c T __malloc_unlock
0017ac40 00000890 T qsort
0017b4d0 00000020 T realloc
0017b4f0 000004c0 T _realloc_r
0017b9b0 0000001c t lflush
0017b9cc 000001d8 T __srefill_r
0017bba4 00000068 T sprintf
0017bc0c 00000030 T __sread
0017bc3c 00000054 T __swrite
0017bc90 0000002c T __sseek
0017bcbc 00000008 T __sclose
0017bcc4 000000f0 T strcpy
0017bdb4 0000005c T strlen
0017be10 000000a4 T strncat
0017beb4 0000011c T strncmp
0017bfd0 000000e0 T strncpy
0017c0b0 00000044 T strrchr
0017c0f4 00000118 t critical_factorization
0017c20c 0000038c t two_way_long_needle
0017c598 0000036c T strstr
0017c904 000001d4 T _strtol_r
0017cad8 00000028 T strtol
0017cb00 0000161c t get_arg
0017e120 000049fc T _svfprintf_r
00182b20 0000008c T _wcrtomb_r
00182bac 00000020 T _wcsrtombs_r
00182bcc 00000114 T __utf8_wctomb
00182ce0 000001bc t quorem
00182ea0 000012c8 T _dtoa_r
00184168 000000b0 T __sflags
00184218 0000000c T __locale_charset
00184224 00000010 T __locale_mb_cur_max
00184234 0000000c T _localeconv_r
00184240 000002fc T __utf8_mbtowc
0018453c 0000008c T _Balloc
001845c8 0000001c T _Bfree
001845e4 000000d0 T __multadd
001846b4 0000005c T __hi0bits
00184710 00000098 T __lo0bits
001847a8 00000020 T __i2b
001847c8 000001dc T __multiply
001849a4 00000100 T __pow5mult
00184aa4 000000f0 T __lshift
00184b94 00000064 T __mcmp
00184bf8 00000198 T __mdiff
00184d90 00000104 T __d2b
00184e98 00000094 T frexp
00184f30 0000015c T strchr
0018508c 000001a8 T __ssprint_r
00185234 00000190 T _wcsnrtombs_r
001853c4 0000005c T strnlen
00185420 T _fini
00186000 R FreeSans_ttf
0018e638 R FreeSans_ttf_end
0018e638 R FreeSans_ttf_size
0018e63c 0000004c r ft_default_modules
0018e688 00000058 r ft_trig_arctan_table
0018e6e0 00000048 r ft_raccess_guess_table
0018e728 00000100 r opcode_length
0018e828 00000024 r fvar_fields.9847
0018e84c 00000020 r fvaraxis_fields.9848
0018e86c 00000024 r gvar_fields.9786
0018e890 000000b4 r trick_names.8230
0018e944 00000198 r sfnt_id.8259
0018eadc 00000030 r tt_services
0018eb0c 00000100 r Pop_Push_Count
0018ec18 00000044 R tt_default_graphics_state
0018ec5c 00000060 R tt_driver_class
0018ecbc 00000004 r tt_service_truetype_glyf
0018ecc0 00000001 r tt_service_truetype_engine
0018ecc4 00000014 r tt_service_gx_multi_masters
0018ecd8 00000008 r tt_service_properties
0018ece0 00000038 r t1_services
0018ed20 000005e0 r t1_keywords
0018f300 00000060 R t1_driver_class
0018f360 00000004 r t1_service_kerning
0018f364 00000014 r t1_service_ps_info
0018f378 00000014 r t1_service_multi_masters
0018f38c 00000004 r t1_service_ps_name
0018f390 00000008 r t1_service_glyph_dict
0018f398 00000028 r power_tens
0018f3c0 00000028 R cff_cmap_encoding_class_rec
0018f3e8 00000028 R cff_cmap_unicode_class_rec
0018f410 00000040 r cff_services
0018f450 000005b0 r cff_field_handlers
0018fa00 00000200 r cff_standard_encoding
0018fc00 00000018 r cff_header_fields.8583
0018fc18 000001ca r cff_isoadobe_charset
0018fde4 0000014c r cff_expert_charset
0018ff30 000000ae r cff_expertsubset_charset
0018ffe0 00000200 r cff_expert_encoding
001901e0 0000000c r readFromStack.10444
001901ec 0000000c r readFromStack.10446
001901f8 0000000c r readFromStack.10448
00190204 0000000c r readFromStack.10450
00190210 00000060 R cff_driver_class
00190270 00000008 r cff_service_properties
00190278 0000000c r cff_service_cid_info
00190284 00000004 r cff_service_get_cmap_info
00190288 00000004 r cff_service_ps_name
0019028c 00000014 r cff_service_ps_info
001902a0 00000008 r cff_service_glyph_dict
001902a8 00000028 r cid_services
001902d0 00000660 r cid_field_records
00190930 00000060 R t1cid_driver_class
00190990 0000000c r cid_service_cid_info
0019099c 00000014 r cid_service_ps_info
001909b0 00000004 r cid_service_ps_name
001909b4 00000018 r pfr_services
001909cc 00000074 r pfr_header_fields
00190a40 00000028 r pfr_phy_font_extra_items
00190a68 00000028 R pfr_cmap_class_rec
00190a90 00000060 R pfr_driver_class
00190af0 0000000c r pfr_metrics_service_rec
00190afc 00000028 r t42_services
00190b24 00000280 r t42_keywords
00190da4 00000060 R t42_driver_class
00190e04 00000014 r t42_service_ps_info
00190e18 00000004 r t42_service_ps_font_name
00190e1c 00000008 r t42_service_glyph_dict
00190e24 00000018 r winfnt_services
00190e3c 00000098 r winfnt_header_fields
00190ed4 00000014 r winmz_header_fields
00190ee8 00000018 r winne_header_fields
00190f00 00000034 r winpe32_header_fields
00190f34 00000020 r winpe32_section_fields
00190f54 00000020 r winpe_rsrc_dir_fields
00190f74 00000010 r winpe_rsrc_dir_entry_fields
00190f84 00000018 r winpe_rsrc_data_entry_fields
00190f9c 00000028 r fnt_cmap_class_rec
00190fc4 00000060 R winfnt_driver_class
00191024 00000004 r winfnt_service_rec
00191028 00000018 r pcf_services
00191040 00000020 r pcf_metric_msb_header
00191060 00000020 r pcf_metric_header
00191080 0000001c r pcf_compressed_metric_header
0019109c 00000034 r pcf_accel_msb_header
001910d0 00000034 r pcf_accel_header
00191104 00000010 r pcf_toc_header
00191114 00000018 r pcf_table_header
0019112c 00000014 r pcf_property_header
00191140 00000014 r pcf_property_msb_header
00191154 00000028 r pcf_cmap_class
0019117c 00000060 R pcf_driver_class
001911dc 00000008 r pcf_service_bdf
001911e4 00000018 r bdf_services
001911fc 00000020 r ddigits
0019121c 00000020 r hdigits
0019123c 00000080 r a2i
001912bc 00000001 r empty
001912c0 00000008 r nibble_mask
001912c8 00000530 r _bdf_properties
001917f8 00000028 r bdf_cmap_class
00191820 00000060 R bdf_driver_class
00191880 00000008 r bdf_service_bdf
00191888 00000030 r sfnt_services
001918b8 00000044 r pclt_fields.7333
001918fc 00000014 r name_table_fields.7287
00191910 0000001c r name_record_fields.7288
0019192c 0000002c r post_fields.7328
00191958 00000010 r maxp_fields.7272
00191968 0000003c r maxp_fields_extra.7273
001919a4 0000004c r metrics_header_fields.7382
001919f0 00000028 r tt_cmap_classes
00191a18 00000018 r offset_table_fields.7225
00191a30 00000018 r table_dir_entry_fields.7208
00191a48 00000054 r header_fields.7256
00191a9c 000000b0 r os2_fields.7317
00191b4c 00000010 r os2_fields_extra1.7318
00191b5c 0000001c r os2_fields_extra2.7319
00191b78 00000010 r os2_fields_extra5.7320
00191b88 0000003c r woff_header_fields.8714
00191bc4 00000010 r ttc_header_fields.8747
00191bd4 00000024 R sfnt_module_class
00191bf8 00000078 r sfnt_interface
00191c70 00000008 r sfnt_service_bdf
00191c78 00000004 r tt_service_get_cmap_info
00191c7c 00000004 r sfnt_service_ps_name
00191c80 00000008 r sfnt_service_glyph_dict
00191c88 0000000c r sfnt_service_sfnt_table
00191c94 00000034 R tt_cmap14_class_rec
00191cc8 00000034 R tt_cmap13_class_rec
00191cfc 00000034 R tt_cmap12_class_rec
00191d30 00000034 R tt_cmap10_class_rec
00191d64 00000034 R tt_cmap8_class_rec
00191d98 00000034 R tt_cmap6_class_rec
00191dcc 00000034 R tt_cmap4_class_rec
00191e00 00000034 R tt_cmap2_class_rec
00191e34 00000034 R tt_cmap0_class_rec
00191e68 00000100 r af_warper_weights
00191f68 000000d4 R af_style_classes
0019203c 00000014 R af_writing_system_classes
00192050 00000010 r af_services
00192060 00000110 R af_blue_stringsets
00192170 00000410 R af_blue_strings
00192580 00000068 R af_script_classes
001925e8 00000038 R af_arab_uniranges
00192620 00000018 R af_arab_script_class
00192638 00000005 R af_arab_dflt_style_class
00192640 00000024 R autofit_module_class
00192664 00000010 R af_autofitter_interface
00192674 00000008 r af_service_properties
0019267c 0000001c R af_indic_writing_system_class
00192698 0000001c R af_cjk_writing_system_class
001926b4 0000001c R af_latin_writing_system_class
001926d0 0000001c R af_dummy_writing_system_class
001926ec 00000018 R af_hani_nonbase_uniranges
00192704 000000f8 R af_hani_uniranges
001927fc 00000050 R af_tibt_nonbase_uniranges
0019284c 00000010 R af_tibt_uniranges
0019285c 00000020 R af_taml_nonbase_uniranges
0019287c 00000010 R af_taml_uniranges
0019288c 00000028 R af_sylo_nonbase_uniranges
001928b4 00000010 R af_sylo_uniranges
001928c4 00000018 R af_sund_nonbase_uniranges
001928dc 00000018 R af_sund_uniranges
001928f4 00000018 R af_sinh_nonbase_uniranges
0019290c 00000010 R af_sinh_uniranges
0019291c 00000038 R af_orya_nonbase_uniranges
00192954 00000010 R af_orya_uniranges
00192964 00000020 R af_mlym_nonbase_uniranges
00192984 00000010 R af_mlym_uniranges
00192994 00000020 R af_limb_nonbase_uniranges
001929b4 00000010 R af_limb_uniranges
001929c4 00000038 R af_knda_nonbase_uniranges
001929fc 00000010 R af_knda_uniranges
00192a0c 00000030 R af_guru_nonbase_uniranges
00192a3c 00000010 R af_guru_uniranges
00192a4c 00000030 R af_gujr_nonbase_uniranges
00192a7c 00000010 R af_gujr_uniranges
00192a8c 00000030 R af_beng_nonbase_uniranges
00192abc 00000010 R af_beng_uniranges
00192acc 00000020 R af_thai_nonbase_uniranges
00192aec 00000010 R af_thai_uniranges
00192afc 00000028 R af_telu_nonbase_uniranges
00192b24 00000010 R af_telu_uniranges
00192b34 00000008 R af_none_nonbase_uniranges
00192b3c 00000008 R af_none_uniranges
00192b44 00000008 R af_latp_nonbase_uniranges
00192b4c 00000070 R af_latp_uniranges
00192bbc 00000008 R af_latb_nonbase_uniranges
00192bc4 00000020 R af_latb_uniranges
00192be4 00000088 R af_latn_nonbase_uniranges
00192c6c 00000108 R af_latn_uniranges
00192d74 00000020 R af_lao_nonbase_uniranges
00192d94 00000010 R af_lao_uniranges
00192da4 00000030 R af_hebr_nonbase_uniranges
00192dd4 00000018 R af_hebr_uniranges
00192dec 00000040 R af_grek_nonbase_uniranges
00192e2c 00000018 R af_grek_uniranges
00192e44 00000040 R af_deva_nonbase_uniranges
00192e84 00000038 R af_deva_uniranges
00192ebc 00000028 R af_cyrl_nonbase_uniranges
00192ee4 00000028 R af_cyrl_uniranges
00192f0c 00000098 R af_arab_nonbase_uniranges
00192fa4 00000005 R af_hani_dflt_style_class
00192fac 00000005 R af_tibt_dflt_style_class
00192fb4 00000005 R af_taml_dflt_style_class
00192fbc 00000005 R af_sylo_dflt_style_class
00192fc4 00000005 R af_sund_dflt_style_class
00192fcc 00000005 R af_sinh_dflt_style_class
00192fd4 00000005 R af_orya_dflt_style_class
00192fdc 00000005 R af_mlym_dflt_style_class
00192fe4 00000005 R af_limb_dflt_style_class
00192fec 00000005 R af_knda_dflt_style_class
00192ff4 00000005 R af_guru_dflt_style_class
00192ffc 00000005 R af_gujr_dflt_style_class
00193004 00000005 R af_beng_dflt_style_class
0019300c 00000005 R af_thai_dflt_style_class
00193014 00000005 R af_telu_dflt_style_class
0019301c 00000005 R af_none_dflt_style_class
00193024 00000005 R af_latp_dflt_style_class
0019302c 00000005 R af_latb_dflt_style_class
00193034 00000005 R af_latn_dflt_style_class
0019303c 00000005 R af_latn_titl_style_class
00193044 00000005 R af_latn_sups_style_class
0019304c 00000005 R af_latn_subs_style_class
00193054 00000005 R af_latn_smcp_style_class
0019305c 00000005 R af_latn_sinf_style_class
00193064 00000005 R af_latn_pcap_style_class
0019306c 00000005 R af_latn_ordn_style_class
00193074 00000005 R af_latn_c2sc_style_class
0019307c 00000005 R af_latn_c2cp_style_class
00193084 00000005 R af_lao_dflt_style_class
0019308c 00000005 R af_hebr_dflt_style_class
00193094 00000005 R af_grek_dflt_style_class
0019309c 00000005 R af_grek_titl_style_class
001930a4 00000005 R af_grek_sups_style_class
001930ac 00000005 R af_grek_subs_style_class
001930b4 00000005 R af_grek_smcp_style_class
001930bc 00000005 R af_grek_sinf_style_class
001930c4 00000005 R af_grek_pcap_style_class
001930cc 00000005 R af_grek_ordn_style_class
001930d4 00000005 R af_grek_c2sc_style_class
001930dc 00000005 R af_grek_c2cp_style_class
001930e4 00000005 R af_deva_dflt_style_class
001930ec 00000005 R af_cyrl_dflt_style_class
001930f4 00000005 R af_cyrl_titl_style_class
001930fc 00000005 R af_cyrl_sups_style_class
00193104 00000005 R af_cyrl_subs_style_class
0019310c 00000005 R af_cyrl_smcp_style_class
00193114 00000005 R af_cyrl_sinf_style_class
0019311c 00000005 R af_cyrl_pcap_style_class
00193124 00000005 R af_cyrl_ordn_style_class
0019312c 00000005 R af_cyrl_c2sc_style_class
00193134 00000005 R af_cyrl_c2cp_style_class
0019313c 00000018 R af_hani_script_class
00193154 00000018 R af_tibt_script_class
0019316c 00000018 R af_taml_script_class
00193184 00000018 R af_sylo_script_class
0019319c 00000018 R af_sund_script_class
001931b4 00000018 R af_sinh_script_class
001931cc 00000018 R af_orya_script_class
001931e4 00000018 R af_mlym_script_class
001931fc 00000018 R af_limb_script_class
00193214 00000018 R af_knda_script_class
0019322c 00000018 R af_guru_script_class
00193244 00000018 R af_gujr_script_class
0019325c 00000018 R af_beng_script_class
00193274 00000018 R af_thai_script_class
0019328c 00000018 R af_telu_script_class
001932a4 00000018 R af_none_script_class
001932bc 00000018 R af_latp_script_class
001932d4 00000018 R af_latb_script_class
001932ec 00000018 R af_latn_script_class
00193304 00000018 R af_lao_script_class
0019331c 00000018 R af_hebr_script_class
00193334 00000018 R af_grek_script_class
0019334c 00000018 R af_deva_script_class
00193364 00000018 R af_cyrl_script_class
0019337c 00000024 R pshinter_module_class
001933a0 0000000c r pshinter_interface
001933ac 0000003c R ft_raster1_renderer_class
001933e8 00000018 R ft_standard_raster
00193400 00000018 r func_interface
00193418 0000003c R ft_smooth_lcdv_renderer_class
00193454 0000003c R ft_smooth_lcd_renderer_class
00193490 0000003c R ft_smooth_renderer_class
001934cc 00000018 R ft_grays_raster
001934e4 00000014 r ftc_face_list_class
001934f8 00000014 r ftc_size_list_class
0019350c 00000020 r ftc_cmap_cache_class
0019352c 00000024 r ftc_basic_image_cache_class
00193550 00000024 r ftc_basic_sbit_cache_class
00193574 0000001c r ftc_basic_sbit_family_class
00193590 00000018 r ftc_basic_image_family_class
001935a8 00001000 r fixed_tl
001945a8 00000100 r fixed_td
001946a8 0000004c r border
001946f4 00000044 r inflate_mask
00194738 0000007c r cplens
001947b4 0000007c r cplext
00194830 00000078 r cpdist
001948a8 00000078 r cpdext
00194920 00000034 R ps_parser_funcs
00194954 00000080 r ft_char_table
001949d4 00000010 R ps_table_funcs
001949e4 00000020 R t1_builder_funcs
00194a04 00000128 r afm_key_table
00194b2c 0000000c R t1_decoder_funcs
00194b38 0000006c r t1_args_count
00194ba4 00000028 R t1_cmap_unicode_class_rec
00194bcc 00000028 R t1_cmap_custom_class_rec
00194bf4 00000028 R t1_cmap_expert_class_rec
00194c1c 00000028 R t1_cmap_standard_class_rec
00194c44 00000024 R psaux_module_class
00194c68 0000001c r psaux_interface
00194c84 00000010 R t1_cmap_classes
00194c94 0000000c R afm_parser_funcs
00194ca0 00000204 r ft_mac_names
00194ea4 00000e70 r ft_standard_glyph_names
00195d14 0000030e r ft_sid_names
00196024 00000010 r pscmaps_services
00196034 0000dabd r ft_adobe_glyph_list
001a3af4 00000055 r ft_extra_glyph_names
001a3b4c 00000024 R psnames_module_class
001a3b70 00000020 r pscmaps_interface
001a3b90 00000200 r t1_expert_encoding
001a3d90 00000200 r t1_standard_encoding
001a3f90 00000020 R ft_outline_glyph_class
001a3fb0 00000020 R ft_bitmap_glyph_class
001a3fd0 00000010 r CSWTCH.23
001a3fe0 R shader_shbin
001a412c R shader_shbin_end
001a412c R shader_shbin_size
001a4130 00000014 r CSWTCH.26
001a4144 00000008 r framebufferInfoSt
001a414c 0000000c r serviceNameTable.6245
001a4158 00000030 r error_table
001a4194 00000003 r parm.11314
001a4198 00000004 r CSWTCH.7
001a419c 00000005 r colorFmtSizes
001a41a4 00000004 r depthFmtSizes
001a41a8 00000038 r CSWTCH.2
001a41e0 00000068 R dotab_stdnull
001a4248 00000003 R DIRECTORY_PARENT
001a424c 00000002 R DIRECTORY_THIS
001a4250 00000002 R DIRECTORY_SEPARATOR
001a5284 00000004 R _global_impure_ptr
001a5288 00000010 r blanks.7122
001a52d8 r .LC2
001a52dc 00000010 r zeroes.7123
001a52ec 00000101 R _ctype_
001a5520 000000c8 R __mprec_tens
001a55e8 0000000c r p05.5412
001a55f8 00000028 R __mprec_bigtens
001a5620 0000006c R __state_table
001a568c 00000100 R __chclass
001a578c 0000006c R __action_table
001a5800 r __EH_FRAME_BEGIN__
001a5800 R __exidx_end
001a5800 R __exidx_start
001a6000 00000004 d useTransform_desc
001a6004 00000004 d transform_desc
001a6008 00000004 d vblank_wait
001a600c 00000004 d projection_desc
001a6010 00000001 d topFormat
001a6011 00000001 d botFormat
001a6014 00000008 d doubleBuf
001a601c 00000004 d aptFlags
001a6020 00000004 d gspLastEvent
001a6024 W __stacksize__
001a6028 00000401 d __cwd
001a642c 00000068 d sdmc_devoptab
001a6494 00000004 d defaultDevice
001a6498 00000040 D devoptab_list
001a64d8 00001000 d _current_working_directory
001a74d8 0000000c d __stdin_handle
001a74e4 0000000c d __stdout_handle
001a74f0 0000000c d __stderr_handle
001a74fc 00000004 d __hndl_lock
001a7500 00001000 d handles
001a8500 0000000c d __sfp_lock
001a850c 0000000c d __sinit_lock
001a8518 00000440 d impure_data
001a8958 00000004 D _impure_ptr
001a895c 00000408 D __malloc_av_
001a8d64 00000004 D __malloc_trim_threshold
001a8d68 00000004 D __malloc_sbrk_base
001a8d6c 0000000c d __malloc_lock_object
001a8d78 00000004 D __wctomb
001a8d7c 00000004 D __ctype_ptr__
001a8d80 00000038 d lconv
001a8db8 00000020 d lc_ctype_charset
001a8dd8 00000004 D __mb_cur_max
001a8ddc 00000004 D __mbtowc
001a8de0 t __frame_dummy_init_array_entry
001a8de0 T __init_array_start
001a8de0 d __JCR_LIST__
001a8de0 B __preinit_array_end
001a8de0 B __preinit_array_start
001a8de0 D __tdata_lma
001a8de0 D __tdata_lma_end
001a8de0 D __TMC_END__
001a8de0 d __TMC_LIST__
001a8de4 t __do_global_dtors_aux_fini_array_entry
001a8de4 T __fini_array_start
001a8de4 T __init_array_end
001a8de8 T __bss_start__
001a8de8 T __fini_array_end
001a8de8 b completed.6505
001a8dec b object.6510
001a8e04 00000004 B font
001a8e08 00000004 B touch
001a8e0c 00000004 b sftd_initialized
001a8e10 00000004 b ftlibrary
001a8e18 00000004 b sf2d_initialized
001a8e1c 00000004 b pool_addr
001a8e20 00000014 b shader
001a8e34 00000004 b dvlb
001a8e38 00000004 b in_render
001a8e3c 00000004 b pool_index
001a8e40 00000001 b cur_screen
001a8e41 00000001 b cur_side
001a8e44 00000004 b targetTopLeft
001a8e48 00000004 b targetTopRight
001a8e4c 00000004 b targetBottom
001a8e50 00000004 b frames
001a8e58 00000008 b last_time
001a8e60 00000004 b current_fps
001a8e64 00000004 b pool_size
001a8e68 00000008 b sLinearPool
001a8e70 0000000c b sAddrMap
001a8e7c 00000001 b enable3d
001a8e80 00000004 b screenFree
001a8e84 00000002 b currentBuffer
001a8e88 00000001 V __ctru_speedup
001a8e8c 00000004 b aptLockHandle
001a8e90 00000004 b serviceName.6244
001a8e94 0000000c b aptFirstHook
001a8ea0 00000004 b aptMessageFunc
001a8ea4 00000004 b aptMessageFuncData
001a8ea8 0000000c b aptEvents
001a8eb4 00000001 b aptHomeButtonState
001a8eb8 00000008 b aptSleepEvent
001a8ec0 00001000 b aptParameters
001a9ec0 00000004 b aptRefCount
001a9ec4 00000004 b aptEventHandlerThread
001a9ec8 00000001 b flagInit.6595
001a9ec9 00000001 b flagValue.6596
001a9ecc 00000001 b gspRunEvents
001a9ed0 00000004 b gspEvent
001a9ed4 00000004 b gspEventData
001a9ed8 0000001c b gspEventCb
001a9ef4 00000007 b gspEventCbOneShot
001a9efc 0000001c b gspEventCbData
001a9f18 00000038 b gspEvents
001a9f50 0000001c b gspEventCounts
001a9f6c 00000004 b gspRefCount
001a9f70 00000004 b gspEventThread
001a9f74 00000004 b hidRefCount
001a9f78 00000004 b kOld
001a9f7c 00000004 b kHeld
001a9f80 00000004 b cPos
001a9f84 00000004 b tPos
001a9f88 00000006 b aVec
001a9f90 00000006 b gRate
001a9f98 00000004 b kDown
001a9f9c 00000004 b kUp
001a9fa0 00000004 b irrstRefCount
001a9fa4 00000004 b kHeld
001a9fa8 00000004 b csPos
001a9fac 00000004 b ptmSysmRefCount
001a9fb0 00000004 b ptmSysmHandle
001a9fb4 b saved_stack
001a9fbc 00000008 b sMappablePool
001a9fc4 0000000c b sAddrMap
001a9fd0 00000008 b sVramPool
001a9fd8 0000000c b sAddrMap
001a9fe4 00000004 b srvRefCount
001a9fe8 00000004 b srvHandle
001a9fec 00000004 b arbiter
001a9ff0 00000008 b sdmcArchive
001a9ff8 00000001 b sdmcInitialised
001aa000 00000004 b fsuHandle
001aa004 00000004 b fsuRefCount
001aa008 00000080 b fsExemptArchives
001aa088 0000000c b hookCookie
001aa094 00000001 b queuedCount
001aa098 00000004 b transferQueue
001aa09c 00000004 b clearQueue
001aa0a0 00000001 b inSafeTransfer
001aa0a4 0000000c b linkedTarget
001aa0b0 0000004c b temp.11969
001aa0fc 00000001 b inSafeClear
001aa0fd 00000001 b queueSwap
001aa100 00000020 b queuedFrame
001aa120 00000001 b queuedState
001aa121 00000001 b inFrame
001aa124 00000004 b lastTarget
001aa128 00000004 b firstTarget
001aa12c 00000018 b C3Di_ShaderFVecData
001aa144 000000c0 b C3Di_FVUnifEverDirty
001aa204 00000008 b C3Di_IVUnifEverDirty
001aa20c 00000004 b heap_start.5704
001aa210 00000004 B fake_heap_start
001aa214 00000004 B fake_heap_end
001aa218 00001000 b temp_cwd
001ab218 00000038 B __syscalls
001ab250 00000004 B __malloc_max_total_mem
001ab254 00000004 B __malloc_max_sbrked_mem
001ab258 00000004 B __malloc_top_pad
001ab25c 00000028 B __malloc_current_mallinfo
001ab284 00000008 B gfxBottomFramebuffers
001ab28c 00000004 B gspSharedMemHandle
001ab290 0000001c B bottomFramebufferInfo
001ab2ac 00000004 B gspEvent
001ab2b0 00000008 B gfxTopLeftFramebuffers
001ab2b8 00000008 B gfxTopRightFramebuffers
001ab2c0 0000001c B topFramebufferInfo
001ab2dc 00000001 B gfxThreadID
001ab2e0 00000004 B gfxSharedMemory
001ab2e4 00000004 B gxCmdBuf
001ab2e8 00000004 B gspGpuHandle
001ab2ec 00000004 B hidMemHandle
001ab2f0 00000004 B hidHandle
001ab2f4 00000004 B hidSharedMem
001ab2f8 00000014 B hidEvents
001ab30c 00000004 B irrstHandle
001ab310 00000004 B irrstEvent
001ab314 00000004 B irrstMemHandle
001ab318 00000004 B irrstSharedMem
001ab31c 00000004 B __ctru_heap_size
001ab320 00000004 B __ctru_linear_heap
001ab324 00000004 B __ctru_heap
001ab328 00000004 B __ctru_linear_heap_size
001ab32c 00000004 B __system_argv
001ab330 00000004 B __system_argc
001ab334 00000004 B __system_retAddr
001ab338 00000004 B gpuCmdBuf
001ab33c 00000004 B gpuCmdBufOffset
001ab340 00000004 B gpuCmdBufSize
001ab348 00000278 B __C3D_Context
001ab5c0 00000020 B C3D_IVUnif
001ab5e0 000000c0 B C3D_FVUnifDirty
001ab6a0 00000002 B C3D_BoolUnifsDirty
001ab6a4 00000008 B C3D_IVUnifDirty
001ab6ac 00000004 B C3D_BoolUnifs
001ab6b0 00000c00 B C3D_FVUnif
001ac2b0 B __tls_start
001af6bc B __bss_end__
001af6bc A __end__
001af6bc B __tls_end
